
========== Python test suite (per-file subprocesses) ==========
== runloom isolated suite: 171 file(s), j=8 parallel + 10 serial, /home/x/.pyenv/versions/3.13.13t/bin/python3 ==
  test_adv_coro.py             PASS            1.0s  10 passed in 0.37s
  test_adv_fileio.py           PASS            1.0s  5 passed in 0.36s
  test_adv_chan.py             PASS            1.1s  16 passed in 0.52s
  test_adv_aio.py              PASS            1.4s  9 passed in 0.76s
  test_adv_monkey.py           PASS            1.5s  11 passed in 0.86s
  test_adv_offload.py          PASS            1.5s  6 passed in 0.87s
  test_adv_tcpconn.py          PASS            1.0s  7 passed in 0.42s
  test_adv_sync.py             PASS            1.3s  18 passed in 0.67s
  test_adv_stack.py            PASS            1.3s  11 passed in 0.72s
  test_aio_cancel_torture.py   PASS            1.0s  4 passed in 0.39s
  test_adv_timers.py           PASS            1.5s  13 passed in 0.92s
  test_aio_compat.py           PASS            1.4s  34 passed, 2 skipped, 1 warning in 0.81s
  test_aio_fd_reuse.py         PASS            0.9s  2 passed in 0.34s
  test_asyncio_bufferedproto_conformance.py PASS            0.8s  1 passed in 0.31s
  test_adv_netpoll.py          PASS            3.1s  13 passed, 1 xfailed in 2.57s
  test_blocking_faultinject.py PASS            1.0s  7 passed, 2 warnings in 0.45s
  test_chan.py                 PASS            0.8s  26 passed in 0.32s
  test_asyncio_server_conformance.py PASS            1.2s  1 passed in 0.53s
  test_aio_net.py              PASS            1.8s  11 passed in 1.10s
  test_asyncio_conformance.py  PASS            1.9s  13 passed in 1.21s
  test_blocking_leak.py        PASS            1.8s  4 passed, 45 warnings in 1.25s
  test_concurrency.py          PASS            1.1s  20 passed in 0.48s
  test_chan_queue.py           PASS            1.3s  8 passed in 0.70s
  test_cov100_diag_fd.py       PASS            2.0s  5 passed in 1.34s
  test_adv_sched.py            PASS            7.6s  19 passed in 6.93s
  test_cov100_hub_main.py      PASS            2.5s  5 passed in 1.88s
  test_chan_properties.py      PASS            4.5s  4 passed in 3.89s
  test_chaos.py                PASS            3.8s  6 passed in 3.19s
  test_cov100_hubinfo_waitfd.py PASS            3.4s  6 passed in 2.91s
  test_chan_stress.py          PASS            4.8s  8 passed in 4.22s
  test_cov100_mn_api.py        PASS            2.2s  3 passed in 1.62s
  test_cov100_init_fini.py     PASS            3.5s  9 passed in 2.95s
  test_cov100_wake_iouring.py  PASS            1.2s  8 passed in 0.66s
  test_cov100_runq.py          PASS            2.7s  4 passed in 2.06s
  test_cov100_netpoll_small.py PASS            3.3s  10 passed in 2.65s
  test_cov95_blockpool_gstate.py PASS            2.0s  9 passed in 1.38s
  test_cov100_sysmon.py        PASS            3.5s  3 passed in 2.91s
  test_cov95_coro_b.py         PASS            3.6s  6 passed in 2.99s
  test_cov95_coro.py           PASS            4.3s  8 passed in 3.56s
  test_cov100_handoff.py       PASS           10.2s  4 passed in 9.63s
  test_cov95_crash.py          PASS            3.8s  7 passed in 3.18s
  test_cov100_resume_preempt.py PASS            8.7s  10 passed in 8.06s
  test_cov95_gap_runloom_crash_c.py PASS            1.7s  1 passed, 1 skipped in 1.14s
  test_cov95_chan_stackadvice.py PASS            9.3s  18 passed in 8.65s
  test_cov95_gap_cldeque_c.py  PASS            5.1s  4 passed in 4.55s
  test_cov95_datastack.py      PASS            8.8s  7 passed in 8.22s
  test_cov95_gap_netpoll_c.py  PASS            5.8s  6 passed, 5 skipped in 5.19s
  test_cov95_gap_runloom_tcp_c.py PASS            3.5s  8 passed in 2.86s
  test_cov95_diag.py           PASS            8.0s  11 passed in 7.40s
  test_cov95_iouring_do.py     PASS            4.3s  7 passed in 3.68s
  test_cov95_iouring_ring.py   PASS            3.9s  7 passed in 3.27s
  test_cov95_iouring_loopbuf.py PASS            5.7s  6 passed in 5.08s
  test_cov95_introspect.py     PASS            8.2s  4 passed in 7.57s
  test_cov95_module_init.py    PASS            7.4s  6 passed in 6.81s
  test_cov95_module_io.py      PASS            6.8s  12 passed in 6.20s
  test_cov_netpoll.py          PASS            1.2s  10 passed in 0.63s
  test_cov95_sched_frags.py    PASS            5.4s  20 passed in 4.90s
  test_cov95_gap_io_uring_c.py PASS           16.5s  8 passed, 1 skipped in 15.87s
  test_critical_section_park.py PASS            0.9s  1 passed in 0.41s
  test_edge_cases.py           PASS            1.2s  36 passed in 0.57s
  test_cov95_module_tcp.py     PASS            8.7s  11 passed in 8.18s
  test_cov95_tcp_conn.py       PASS            6.6s  11 passed in 5.95s
  test_fcntl_compat.py         PASS            1.1s  6 passed, 2 warnings in 0.57s
  test_crash_handler.py        PASS            4.4s  19 passed in 3.81s
  test_fd_io_faultinject.py    PASS            2.0s  9 passed in 1.46s
  test_fork_safety.py          PASS            2.5s  6 passed, 15 warnings in 1.93s
  test_futures_compat.py       PASS            1.5s  13 passed in 0.87s
  test_gc_fibers.py            PASS            1.6s  4 passed in 1.04s
  test_freethread_stress.py    PASS            3.4s  5 passed in 2.85s
  test_hot.py                  PASS            1.0s  9 passed in 0.40s
  test_cov_mn_adversarial.py   PASS            8.3s  18 passed in 7.75s
  test_iouring.py              PASS            0.7s  5 passed in 0.16s
  test_hub_introspect.py       PASS            2.4s  6 passed in 1.74s
  test_introspect.py           PASS            3.2s  23 passed in 2.61s
  test_event_inmem_park.py     PASS            9.6s  8 passed in 9.02s
  test_kqueue_cancel.py        PASS            1.0s  
  test_kqueue_diag_signal.py   PASS            0.7s  
  test_kqueue_crash_race.py    PASS            1.1s  
  test_heavy_compat.py         PASS            7.1s  11 passed in 6.57s
  test_kqueue_eof_error.py     PASS            0.9s  tests/test_kqueue_eof_error.py::test_mn_write_only_close_fold[hubs4] SKIPPED [100%]
  test_kqueue_faultinject.py   PASS            0.8s  tests/test_kqueue_faultinject.py::test_register_error_surfaces_as_oserror[EBADF] SKIPPED [ 78%]
  test_iouring_arming.py       PASS            6.3s  11 passed in 5.69s
  test_kqueue_faults_ext.py    PASS            0.7s  tests/test_kqueue_faults_ext.py::test_heavy_concurrency_ctl_always_oserror[n256] SKIPPED [ 88%]
  test_kqueue_readiness.py     PASS            0.8s  
  test_kqueue_mn_selfpipe.py   PASS            1.1s  
  test_kqueue_register.py      PASS            0.8s  
  test_kqueue_wake_all.py      PASS            1.0s  
  test_mac_tcp_faultinject.py  PASS            0.8s  tests/test_mac_tcp_faultinject.py::test_accept_hard_error_surfaces_oserror[ENFILE] SKIPPED [100%]
  test_cov_mn.py               PASS           17.6s  23 passed in 17.05s
  test_machinecode.py          PASS            0.9s  11 passed in 0.37s
  test_iouring_faultinject.py  PASS            7.3s  3 passed in 6.81s
  test_module_getattr_fiber.py PASS            0.7s  7 passed in 0.19s
  test_mn_park.py              PASS            1.5s  8 passed in 0.95s
  test_mn_compat_fixes.py      PASS            2.4s  16 passed in 1.86s
  test_monkey_fork.py          PASS            1.3s  5 passed, 18 warnings in 0.66s
  test_monkey_getpass.py       PASS            0.8s  4 passed in 0.31s
  test_monkey_offload.py       PASS            0.9s  2 passed in 0.35s
  test_multiprocessing_compat.py PASS            1.0s  12 passed in 0.48s
  test_mn_teardown.py          PASS            3.6s  3 passed in 3.07s
  test_mn_deadlock_detect.py   PASS            4.2s  6 passed in 3.61s
  test_netpoll_arming.py       PASS            1.4s  12 passed in 0.84s
  test_netpoll_conformance.py  PASS            1.4s  14 passed in 0.76s
  test_optimize.py             PASS            1.0s  10 passed in 0.39s
  test_mn.py                   PASS            6.4s  9 passed in 5.85s
  test_os_io_compat.py         PASS            0.9s  5 passed in 0.40s
  test_phase2_multiloop.py     PASS            0.9s  1 passed in 0.30s
  test_prewarm.py              PASS            1.2s  7 passed in 0.55s
  test_run_ready.py            PASS            0.7s  7 passed in 0.18s
  test_queue_compat.py         PASS            1.7s  14 passed in 1.12s
  test_monkey_leak.py          PASS            5.5s  4 passed in 4.88s
  test_iouring_recv_backpressure.py PASS           14.2s  3 passed in 13.57s
  test_signal_compat.py        PASS            1.2s  7 passed in 0.59s
  test_smoke.py                PASS            1.0s  6 passed in 0.40s
  test_soak.py                 PASS            0.7s  
  test_spawn_bulk_lifecycle.py PASS            0.9s  2 passed in 0.24s
  test_spawn_lockin.py         PASS            0.9s  3 passed in 0.30s
  test_spawn_faultinject.py    PASS            2.0s  4 passed in 1.38s
  test_spawn_pass_index_recycle.py PASS            1.0s  1 passed in 0.45s
  test_stack_advice.py         PASS            0.9s  9 passed in 0.38s
  test_netpoll_faultinject.py  PASS            8.9s  4 passed in 8.37s
  test_stack_autosize.py       PASS            1.3s  19 passed in 0.63s
  test_stack_pool_balance.py   PASS            1.0s  1 passed in 0.44s
  test_stack_grow_down.py      PASS            1.2s  10 passed in 0.59s
  test_stack_sizing.py         PASS            0.8s  12 passed in 0.24s
  test_stats.py                PASS            0.9s  2 passed in 0.28s
  test_socket_compat.py        PASS            6.5s  21 passed in 5.95s
  test_stdlib_queue_monkey.py  PASS            1.3s  
  test_stdlib_socket_monkey.py PASS            1.4s  
  test_stdlib_threading_monkey.py PASS            1.4s  
  test_netpoll_pending_wake_recheck.py PASS           15.0s  2 passed in 14.37s
  test_stack_frames.py         PASS            7.6s  15 passed in 7.01s
  test_select_faultinject.py   PASS           16.1s  3 passed in 15.46s
  test_stdlib_selectors_monkey.py PASS           16.3s  78 passed, 23 skipped in 15.68s
  test_swarm_coro_stack.py     PASS            3.1s  80 passed in 2.45s
  test_swarm_blockpool_diag_crash.py PASS           20.6s  112 passed, 3 warnings in 20.01s
  test_signal_interrupt.py     PASS           33.0s  4 passed in 32.36s
  test_swarm_chan_select_sync.py PASS           29.2s  127 passed in 28.47s
  test_swarm_netpoll_epoll.py  PASS           14.1s  62 passed in 13.43s
  test_swarm_aio_bridge.py     PASS           36.9s  91 passed, 4 warnings in 36.26s
  test_stress.py               PASS           38.0s  14 passed, 3 skipped in 37.29s
  test_sync.py                 PASS            1.0s  7 passed in 0.39s
  test_sync_fanin.py           PASS            2.4s  17 passed in 1.83s
  test_sync_primitives.py      PASS            2.0s  20 passed in 1.40s
  test_task_gc.py              PASS            1.1s  3 passed in 0.51s
  test_tcp_arming.py           PASS            0.7s  4 passed in 0.16s
  test_swarm_sched_single.py   PASS           15.4s  63 passed in 14.76s
  test_tcp_scenarios.py        PASS            0.9s  5 passed in 0.39s
  test_tcpconn.py              PASS            0.9s  8 passed in 0.42s
  test_sysmon_oracle.py        PASS           12.0s  4 passed in 11.42s
  test_tcp_faultinject.py      PASS           10.6s  5 passed in 10.07s
  test_stdlib_subprocess_monkey.py PASS           55.4s  104 passed, 6 skipped in 54.77s
  test_win_netpoll_faultinject.py PASS            0.8s  tests/test_win_netpoll_faultinject.py::test_iocp_wait_error_backs_off SKIPPED [100%]
  test_win_pump_lockorder.py   PASS            0.9s  
  test_swarm_time_context_runtime.py PASS           18.4s  87 passed in 17.70s
  test_wait_reason.py          PASS            1.9s  3 passed in 1.37s
  test_workloads.py            PASS            1.1s  9 passed in 0.44s
  test_swarm_monkey.py         PASS           35.2s  94 passed in 34.56s
  test_timeout_no_waker.py     PASS           12.4s  4 passed in 11.80s
  test_swarm_mn_sched.py       PASS           54.4s  76 passed in 53.77s
  test_unpark_many.py          PASS           32.6s  9 passed in 32.03s
  test_cov100b_iouring.py      PASS          242.8s  4 passed, 1 skipped in 242.18s (0:04:02)
  test_aio.py                  PASS            1.1s  14 passed in 0.53s
  test_blocking.py             PASS            1.1s  4 passed in 0.56s
  test_context.py              PASS            1.0s  7 passed in 0.40s
  test_monkey.py               PASS            2.3s  17 passed in 1.71s
  test_process_compat.py       PASS            3.7s  23 passed, 16 warnings in 3.06s
  test_sched_fairness.py       PASS            1.6s  4 passed in 0.98s
  test_scheduler_channel_compat.py PASS            1.0s  6 passed in 0.50s
  test_selectors_compat.py     PASS            1.3s  20 passed in 0.81s
  test_threading_compat.py     PASS            2.0s  23 passed in 1.46s
  test_time.py                 PASS            1.0s  6 passed in 0.44s
------------------------------------------------------------

== 171 passed, 0 skipped, 0 not-passed (all green) ==

========== M:N scheduler fuzzer (stable gate) ==========
mn_stress: iters=150 seed=510149241 timeout=20.0s mode=stable
  iter    0 seed=510149241 ok  (114 tokens, 4 hubs)
  iter   25 seed=510149266 ok  (161 tokens, 3 hubs)
  iter   50 seed=510149291 ok  (26 tokens, 2 hubs)
  iter   75 seed=510149316 ok  (56 tokens, 4 hubs)
  iter  100 seed=510149341 ok  (42 tokens, 4 hubs)
  iter  125 seed=510149366 ok  (42 tokens, 3 hubs)
CLEAN: 150 iterations, no mismatch / hang / self-check violation

========== Controlled M:N deterministic replay (RUNLOOM_MN_BARRIER) ==========
repro probe: 8 seeds x 6 reps  [RUNLOOM_MN_BARRIER=(unset)]
  seed   1: STABLE   533554132541
  seed   2: STABLE   344313341543
  seed   3: STABLE   343441532415
  seed   4: STABLE   344134435142
  seed   5: STABLE   314353141534
  seed   6: STABLE   555344132541
  seed   7: STABLE   343554132415
  seed   8: STABLE   344133335421
------------------------------------------------------------
  8/8 seeds reproduce identically across 6 reps
repro_select: 8 seeds x 6 reps (select + multi-chan + mid-run spawn)
  seed   1: STABLE  3fa2300f3634
  seed   2: STABLE  7f4b65ae24ab
  seed   3: STABLE  24a79845d362
  seed   4: STABLE  95374d13ec8f
  seed   5: STABLE  136c4bcae30b
  seed   6: STABLE  99e0f0d53809
  seed   7: STABLE  09366bd4b7be
  seed   8: STABLE  370eff6e204a
------------------------------------------------------------
  8/8 seeds reproduce identically across 6 reps
repro_timer: 8 seeds x 6 reps (same-delay + staggered sched_sleep)
  seed   1: STABLE  100,101,4,5,1,3,2,0,102
  seed   2: STABLE  100,101,5,2,4,3,1,0,102
  seed   3: STABLE  100,101,5,2,3,0,4,1,102
  seed   4: STABLE  100,3,101,0,5,4,1,2,102
  seed   5: STABLE  100,101,4,1,3,0,5,2,102
  seed   6: STABLE  100,101,4,5,1,3,2,0,102
  seed   7: STABLE  100,101,4,3,0,1,5,2,102
  seed   8: STABLE  100,3,5,0,2,101,4,1,102
------------------------------------------------------------
  8/8 seeds reproduce identically across 6 reps

========== Linearizability (Porcupine + stateful select model) ==========
== 1a. record concurrent history -- plain recv consumers (real M:N) ==
[record] 52 events (24 send, 24 recv via 3 plain + 0 select consumers) -> /tmp/runloom_hist.xXs4.json
[record] sanity: lost=[] dup=False
== 1b. record concurrent history -- select() consumers (real M:N) ==
[record] 52 events (24 send, 24 recv via 0 plain + 3 select consumers) -> /tmp/runloom_hist_sel.YhB1.json
[record] sanity: lost=[] dup=False
== 2. Porcupine check both histories (expect LINEARIZABLE) ==
  -- plain --
LINEARIZABLE: 52 operations satisfy the FIFO-channel spec
  -- select --
LINEARIZABLE: 52 operations satisfy the FIFO-channel spec
== 3. teeth: phantom delivery (expect NOT LINEARIZABLE) ==
NOT LINEARIZABLE: 52 operations have no valid FIFO linearization
  >>> OK: corrupted history correctly rejected
== 4. stateful Hypothesis model of the channel API ==
.                                                                        [100%]
1 passed in 7.45s
== linearizability pipeline rc=0 ==

========== Deterministic simulation (seed sweep) ==========
[dst] uniform sweep: seeds 1..200
  unbuffered_handoff   200 seeds, 0 failures
  buffered_mpmc        200 seeds, 0 failures
  select_race          200 seeds, 0 failures
  >>> no invariant violations across all scenarios/seeds

========== C deque concurrency stress ==========
test_cldeque: 100000 pushes, 4 thieves, 4 rounds (CAP=4096)
  round 0 ok: consumed=100000
  round 1 ok: consumed=100000
  round 2 ok: consumed=100000
  round 3 ok: consumed=100000
PASS: no loss, no duplication, no phantom across 4 rounds

========== Formal verification -- fast lane (all Spin + cheap CBMC; skips 3 slow proofs) ==========
================ runloom formal verification ================
  (worker pool: VERIFY_JOBS=64;  VERIFY_FAST=1 -- skipping 3 slow CBMC proofs)
-- SPIN (exhaustive interleaving, SC memory model) --
-- SPIN liveness (acceptance-cycle detection; -f = weak fairness) --
  [spin] cldeque                            [32mPASS[0m -- Chase-Lev deque: no lost / duplicated work-item
  [spin] wake_state                         [32mPASS[0m -- per-g wake_state machine: no lost wake / no double-resume / no dup runq entry
  [spin] parked_safe                        [32mPASS[0m -- park_safe/wake_safe handshake: no lost wake, balanced
  [spin] select_claim                       [32mPASS[0m -- select fired_case CAS: fires at most one case, exactly-once wake
  [spin] select_close                       [32mPASS[0m -- select Phase-2 vs send/close: no lost/NULL/spurious-sentinel result, conservation
  [spin] hub_submit                         [32mPASS[0m -- default M:N wake (hub_submit in_sub_queue dedup + done-check): no resume-after-done, runs once
  [spin] tstate_attach_detach               [32mPASS[0m -- per-g tstate resume slice: attach/detach balanced -- every loop top holds the hub tstate (depth 1); resume runs only with the g tstate attached
  [spin] stack_depot                        [32mPASS[0m -- cross-hub stack-memory magazine: PARTITION (every mapping in exactly one of live/TLS/depot/munmap'd) + SIZE-MATCH on handout + DEPOT-BOUND (VMA cap)
  [spin] pbuf_bid                           [32mPASS[0m -- io_uring provided-buffer-ring bid ownership: PARTITION (ring+inflight==1 per bid) + NO-DUP (no double-return) + NO-LOSS (all returned at close)
  [spin] blockpool                          [32mPASS[0m -- blocking-offload wake order: re-queue before dec inflight -> no lost wake
  [spin] netpoll_commit                     [32mPASS[0m -- netpoll park/wake commit (Go netpollblockcommit): no lost wake, resumed at most once
  [spin] netpoll_rearm                      [32mPASS[0m -- netpoll register-once LEVEL arm (shipped scheme): LEVEL re-reports a still-ready fd so a late-linking parker is never edge-dropped -> no lost wake
  [spin] netpoll_multipool                  [32mPASS[0m -- netpoll multi-pool dispatch: pool->sub lock hierarchy is deadlock-free, parker claimed once
  [spin] netpoll_pump_kick                  [32mPASS[0m -- cross-hub pump-wake DEDUP (RUNLOOM_WAKE_DEDUP): coalesced kick never loses a wake (Dekker clear-then-recheck)
  [spin] iouring_msclose                    [32mPASS[0m -- io_uring multishot handle lifetime: no use-after-free under single-owner recv/close
  [spin] iouring_msclose(-DBUG_CONCURRENT_CLOSE) [32mPASS[0m -- handle refcount makes a CONCURRENT close-vs-parked-recv (shared conn) memory-safe -- no UAF
  [spin] netpoll_iouring_loop               [32mPASS[0m -- io_uring-as-loop backend wake/re-arm: Dekker ring_waiting handshake (no lost cross-hub wake) + multishot re-arm + at-most-once op resume
  [spin] netpoll_deadline                   [32mPASS[0m -- netpoll fd-dispatch vs timeout-drain vs cancel: g resumed once with the winning claimer's value
  [spin] netpoll_forceunlink                [32mPASS[0m -- netpoll force_unlink vs pump: parker released exactly once, no use-after-free
  [spin] cross_thread_wake                  [32mPASS[0m -- Phase C per-thread sched: wake_safe routes a woken g to its owner sched -> no lost wake
  [spin] park_generic_timed                 [32mPASS[0m -- fd-free timed park: timer-drain + wake_safe both CAS parked_safe -> g enqueued exactly once, no lost wake
  [spin] netpoll_kqueue                     [32mPASS[0m -- netpoll kqueue arm (BSD/macOS): EV_ADD|EV_ONESHOT re-add per park closes the not-yet-linked window -> no lost wake
  [spin] netpoll_afd                        [32mPASS[0m -- netpoll IOCP+AFD (Windows) poll-ctx lifetime: completion frees exactly once, no use-after-free, shared-IOCP wake never freed as a ctx
  [spin] netpoll_parker_link                [32mPASS[0m -- netpoll parker link/unlink surgery at a REUSED stack address: global list + per-fd buckets stay ACYCLIC (pump walk terminates), slot-pointer trick valid, pool->total balanced
  [spin] chan_buffer                        [32mPASS[0m -- buffered-channel ring + waiter FIFO: conservation (no value lost/dup), strict FIFO wake, buffer bounds [0,cap], no park-despite-ready
  [spin] chan_buffer(-DUNBUF)               [32mPASS[0m -- cap-0 rendezvous channel: same conservation/FIFO/bounds over the unbuffered handoff + multi-parked-sender path
  [spin] foreign_thread_fallback            [32mPASS[0m -- foreign-OS-thread cooperative primitive: a non-goroutine caller real-OS-blocks (never parks a NULL g / allocs a sched); mutual exclusion holds
  [spin] sched_drain                        [32mPASS[0m -- single-thread drain census + deadlock detector: no premature exit while runnable/wakeable work remains, deadlock declared only at genuine quiescence
  [spin] wake_state(-DBUGGY_DROP_WAKE)      [32mPASS[0m -- correctly DETECTS: a wake dropped during RUNNING (classic lost-wakeup)
  [spin] park_generic_timed(-DBUG_TIMER_NO_CAS) [32mPASS[0m -- correctly DETECTS: timer enqueues without the parked_safe CAS -> double-resume when a real wake also fires
  [spin] hub_submit(-DBUG_NO_DEDUP)         [32mPASS[0m -- correctly DETECTS: no in_sub_queue dedup/done-check -> resume of a freed (done) coro
  [spin] tstate_attach_detach(-DBUG_EARLY_CONTINUE_AFTER_ATTACH) [32mPASS[0m -- correctly DETECTS: an early continue after attaching the g tstate -> the g tstate is left attached at the next loop top (the BUG-#2 cross-hub-tstate class)
  [spin] stack_depot(-DBUG_NO_SIZE_GUARD)   [32mPASS[0m -- correctly DETECTS: a pool pop ignores the size header -> a size-mismatched mapping is handed to a coro (the stack-alias/UAF surface)
  [spin] stack_depot(-DBUG_NO_DEPOT_CAP)    [32mPASS[0m -- correctly DETECTS: flush skips the depot cap check -> the depot grows unbounded (the vm.max_map_count VMA-exhaustion surface)
  [spin] pbuf_bid(-DBUG_DOUBLE_RETURN)      [32mPASS[0m -- correctly DETECTS: pbuf_return doesn't check inflight -> a buffer is placed in the kernel ring twice (handed out twice)
  [spin] pbuf_bid(-DBUG_LOSE_ON_CLOSE)      [32mPASS[0m -- correctly DETECTS: handle close drops inflight buffers without returning them -> bids leak out of the ring
  [spin] blockpool(-DBUG_DEC_BEFORE_REQUEUE) [32mPASS[0m -- correctly DETECTS: dec inflight before re-queue -> drain exits, goroutine stranded
  [spin] netpoll_commit(-DBUG_NO_COMMIT)    [32mPASS[0m -- correctly DETECTS: no park-commit CAS -> pump's parked-check races the park -> lost wake
  [spin] netpoll_rearm(-DBUG_EDGE_TRIGGERED) [32mPASS[0m -- correctly DETECTS: old EPOLLET register-once (no LEVEL re-report) -> a pre-link edge is dropped + never refires -> lost wake
  [spin] netpoll_multipool(-DBUG_LOCK_ORDER) [32mPASS[0m -- correctly DETECTS: sub_lock-before-pool_lock (reverse hierarchy) -> ABBA deadlock with dispatch
  [spin] netpoll_multipool(-DBUG_MASK_AFTER_ARM) [32mPASS[0m -- correctly DETECTS: dispatch bitmask bit set AFTER the backend arm -> a pump skips the parker's pool -> lost wake
  [spin] netpoll_pump_kick(-DBUG_NO_RECHECK) [32mPASS[0m -- correctly DETECTS: pump parks WITHOUT re-checking sub_head after clearing wake_pending -> a coalesced kick is lost (hub blocks forever)
  [spin] iouring_msclose(-DBUG_NO_REFCOUNT) [32mPASS[0m -- correctly DETECTS: drop the handle refcount (old code) -> the closing CQE frees while a recv is parked -> the woken recv re-locks freed memory (use-after-free)
  [spin] netpoll_iouring_loop(-DBUG_NO_FENCE) [32mPASS[0m -- correctly DETECTS: drop the SEQ_CST Dekker fences -> StoreLoad reorder loses the cross-hub kick
  [spin] netpoll_iouring_loop(-DBUG_NO_RECHECK) [32mPASS[0m -- correctly DETECTS: drop the sub_head re-check -> announce/submit race loses the wake even with the fence
  [spin] netpoll_iouring_loop(-DBUG_NO_REARM) [32mPASS[0m -- correctly DETECTS: drop the terminal-CQE multishot re-arm -> a parked infra consumer is never woken
  [spin] netpoll_iouring_loop(-DBUG_DOUBLE_RESUME) [32mPASS[0m -- correctly DETECTS: op drainer wakes unconditionally (not gated on prev==PARKED) -> double-resume of a fiber that never parked
  [spin] netpoll_deadline(-DBUG_SWEEP_NO_COMMIT) [32mPASS[0m -- correctly DETECTS: naive timeout sweep (no commit claim) -> spurious timeout clobbers a delivered mask / double resume
  [spin] netpoll_deadline(-DBUG_CANCEL_NO_COMMIT) [32mPASS[0m -- correctly DETECTS: cancel wakes without the commit claim -> clobbers a delivered value / double resume
  [spin] netpoll_forceunlink(-DBUG_NO_RECHECK) [32mPASS[0m -- correctly DETECTS: force_unlink trusts the stale pre-lock token -> double-free of a parker the resumed g already released
  [spin] cross_thread_wake(-DBUG_ROUTE_TO_WAKER) [32mPASS[0m -- correctly DETECTS: wake routed to the waker thread's list (pre-Phase-C) -> owner never drains -> lost wake
  [spin] netpoll_kqueue(-DBUG_EV_CLEAR)     [32mPASS[0m -- correctly DETECTS: old kqueue scheme (register-once + EV_CLEAR, edge-triggered, skip re-park kevent) -> dropped edge never refires -> lost wake
  [spin] netpoll_kqueue(-DBUG_REENABLE_NOT_READD) [32mPASS[0m -- correctly DETECTS: re-arm via EV_ENABLE not EV_ADD -> ENOENT on the ONESHOT-auto-deleted knote -> nothing armed -> lost wake
  [spin] netpoll_afd(-DBUG_FREE_ON_PENDING) [32mPASS[0m -- correctly DETECTS: submit frees the ctx on STATUS_PENDING while a completion is still queued -> wait consumes a freed ctx -> use-after-free
  [spin] netpoll_afd(-DBUG_WAKE_AS_COMPLETION) [32mPASS[0m -- correctly DETECTS: wait omits the ov==NULL check -> the NULL-overlapped pump-wake is CONTAINING_RECORD'd + freed as a ctx -> wild free
  [spin] netpoll_parker_link(-DBUG_NO_STALE_CLEAR) [32mPASS[0m -- correctly DETECTS: drop the stale self-ref clear in link -> a reused-address parker forms a self-cycle (nxt[p]==p) -> the pump's bounded list walk wedges
  [spin] netpoll_parker_link(-DBUG_DOUBLE_DEC) [32mPASS[0m -- correctly DETECTS: unlink decrements pool->total unconditionally (not gated on 'touched') -> an idempotent no-op unlink underflows total while a real parker remains -> idle path mis-sleeps
  [spin] chan_buffer(-DBUG_LIFO_WAITERS)    [32mPASS[0m -- correctly DETECTS: wake parked waiters LIFO instead of FIFO -> a later waiter is served before an earlier one (FIFO violation)
  [spin] chan_buffer(-DBUG_DROP_ON_CLOSE)   [32mPASS[0m -- correctly DETECTS: close drops a buffered value instead of letting receivers drain it -> value loss (conservation violation)
  [spin] foreign_thread_fallback(-DBUG_FOREIGN_PARKS) [32mPASS[0m -- correctly DETECTS: route the foreign (non-goroutine) caller down the cooperative-park branch -> parks a NULL g / allocs a sched on a foreign thread (the SIGSEGV/UAF class)
  [spin] sched_drain(-DBUG_EXIT_WITH_WORK)  [32mPASS[0m -- correctly DETECTS: drain exits on empty ready ring without the wakeable-work census -> a pending foreign wake's g is stranded + deadlock declared on live work
  [spin] select_close(-DBUG_CLOSE_NULL)     [32mPASS[0m -- correctly DETECTS: close-wake delivers NULL instead of closed (the SIGSEGV)
  [spin] select_close(-DBUG_ABORT_NOCASE)   [32mPASS[0m -- correctly DETECTS: abort returns the no-case sentinel for a blocking select
  [spin] select_close(-DBUG_ABORT_DROP)     [32mPASS[0m -- correctly DETECTS: abort evicts + drops an already-delivered value
  [spin] select_close(-DBUG_SPURIOUS)       [32mPASS[0m -- correctly DETECTS: spurious wake errors out instead of retrying
  [spin] live_wake [-a -f]          [32mPASS[0m -- wake non-starvation: a woken g is eventually resumed (under weak fairness)
  [spin] live_wake [-a]             [32mPASS[0m -- without fairness a busy peer starves the woken g forever -> fairness is load-bearing
  [spin] live_deque [-a]            [32mPASS[0m -- deque lock-free progress: every item consumed under ANY scheduling (no fairness assumed)
  [spin] live_deque [-a -DBUG_BLOCKING] [32mPASS[0m -- a blocking steal whose lock holder is preempted stalls all waiters -> not lock-free
-- CBMC (bounded, on the UNMODIFIED cldeque.c source) --
  [cbmc] (fast lane: skipping cldeque + disjoint + timer-heap proofs)
  [cbmc] runloom_sched.c ready-ring + tstate [32mPASS[0m -- ready-ring FIFO/grow + tstate save/restore (+ teeth)
  [cbmc] wake_state FSM (totality+no-lost-wake) [32mPASS[0m -- 6-state CAS FSM proven (+ teeth: BUG_LOSE_WAKE, BUG_TIMER_CLAIM_DROPS fail)
  [cbmc] io_classify FSM (totality+mask-sound) [32mPASS[0m -- classifier proven total+sound (+ teeth: BUG_SEND_EOF, BUG_OOR fail)
  [cbmc] preempt defer gate (safety+no-lost) [32mPASS[0m -- gate proven safe+no-lost (+ teeth: BUG_YIELD_IN_DEST, BUG_DROP_ON_DEFER fail)
-- herd7 (C11/RC11 weak-memory litmus) --
  [herd7] commit_cas_then_publish    [32mPASS[0m (Sometimes) -- commit-CAS acquire ALONE allows a stale ready_out read (lock is needed)
  [herd7] commit_lock_publish        [32mPASS[0m (Never) -- pool->lock round-trip makes the publish visible (no stale read)
  [herd7] wakelist_mpsc              [32mPASS[0m (Never) -- cross-thread wake_list handoff carries g state (no stale read)
  [herd7] parkwake_no_fence          [32mPASS[0m (Sometimes) -- release/acquire ALONE allows the park/wake SB lost wakeup (fence needed)
  [herd7] parkwake_sc_fence          [32mPASS[0m (Never) -- seq_cst StoreLoad fences forbid the park/wake lost wakeup (fence suffices)
  [herd7] cldeque_sb_no_fence        [32mPASS[0m (Sometimes) -- owner missing its StoreLoad (downgraded SEQ_CST store) allows pop/steal to double-claim
  [herd7] cldeque_sb_sc_fence        [32mPASS[0m (Never) -- the re-injected seq_cst StoreLoad on the owner forbids the double-claim
  7 passed, 0 failed
-- GenMC (RC11, real C: pthreads + C11 atomics) --
  [genmc] netpoll_claim.c                [32mPASS[0m -- no data race / value-correct / exactly-once (48 RC11 execs)
  [genmc] netpoll_claim.c(-DBUG_NO_LOCK) [32mPASS[0m -- correctly DETECTS the ready_out data race (no lock round-trip)
  [genmc] blockpool_job.c                [32mPASS[0m -- no use-after-free of the stack job / result-seen (2 RC11 execs)
  [genmc] blockpool_job.c(-DBUG_FIBER_NO_DONE_WAIT) [32mPASS[0m -- correctly DETECTS the stack-job use-after-free
  [genmc] blockpool_job.c(-DBUG_WORKER_LATE_READ) [32mPASS[0m -- correctly DETECTS the stack-job use-after-free
  [genmc] chan_refcount.c                [32mPASS[0m -- channel freed once, no use-after-free under RC11 (1 execs)
  [genmc] chan_refcount.c(-DBUG_DECREF_RELAXED) [32mPASS[0m -- correctly DETECTS the free vs field-access data race (relaxed decref)
  [genmc] park/wake SC-fence drift-guard [32mPASS[0m -- runloom_sched* park/wake retains its StoreLoad fences
  [genmc] netpoll LEVEL-arming drift-guard [32mPASS[0m -- netpoll data-fd arms LEVEL (no EPOLLET); poll re-check + unpark no-disarm stay sound
  [genmc] sched_parkwake.c               [32mPASS[0m -- no lost wake / enqueued-at-most-once under RC11
  [genmc] sched_parkwake.c(-DBUG_NO_SC_FENCE) [32mPASS[0m -- correctly DETECTS the lost wakeup
  [genmc] sched_parkwake.c(-DBUG_NO_RECHECK) [32mPASS[0m -- correctly DETECTS the lost wakeup
  [genmc] sched_parkwake.c(-DBUG_NO_BUMP) [32mPASS[0m -- correctly DETECTS the lost wakeup
  [genmc] sched_parkwake_seam.c          [32mPASS[0m -- Dekker+wake_state seam: no lost / at-most-once under RC11
  [genmc] sched_parkwake_seam.c(-DBUG_NO_RUNNING_WOKEN_REQUEUE) [32mPASS[0m -- correctly DETECTS the lost wakeup (blind PARKED store)
  [genmc] iouring wait-commit drift-guard [32mPASS[0m -- io_uring* retains the op->wait commit handshake (drain + ring)
  [genmc] iouring_waitcommit.c           [32mPASS[0m -- no lost wake / no wake-without-park / result-visible (4 RC11 execs)
  [genmc] iouring_waitcommit.c(-DBUG_PARK_PLAIN_STORE) [32mPASS[0m -- correctly DETECTS the lost wake / stale result
  [genmc] iouring_waitcommit.c(-DBUG_EXCHANGE_RELAXED) [32mPASS[0m -- correctly DETECTS the lost wake / stale result
  [genmc] iouring_waitcommit.c(-DBUG_WOKE_RELAXED) [32mPASS[0m -- correctly DETECTS the lost wake / stale result
  [genmc] iouring_waitcommit.c(-DBUG_LOAD_RELAXED) [32mPASS[0m -- correctly DETECTS the lost wake / stale result
  [genmc] mimalloc_page_free.c           [32mPASS[0m -- per-page xthread_id abandon/adopt orders the owner-only heap-queue path -- no race (1 RC11 execs)
  [genmc] mimalloc_page_free.c(-DBUG_LOCAL_ON_STALE) [32mPASS[0m -- correctly DETECTS the undrained-migration hazard
  [genmc] mimalloc_page_free.c(-DBUG_ADOPT_RELAXED) [32mPASS[0m -- correctly DETECTS the undrained-migration hazard
  [genmc] qsbr_drain.c                   [32mPASS[0m -- QSBR grace poll orders the deferred free after every reader's quiescent state (1 RC11 execs)
  [genmc] qsbr_drain.c(-DBUG_NO_GRACE)   [32mPASS[0m -- correctly DETECTS the undrained-migration hazard
  [genmc] qsbr_drain.c(-DBUG_POLL_RELAXED) [32mPASS[0m -- correctly DETECTS the undrained-migration hazard
  [genmc] brc_merge.c                    [32mPASS[0m -- biased-refcount merge drained on the owner thread -- no cross-thread ob_ref_local race (1 RC11 execs)
  [genmc] brc_merge.c(-DBUG_MERGE_AFTER_MIGRATE) [32mPASS[0m -- correctly DETECTS the undrained-migration hazard
  29 passed, 0 failed

-- GenMC (RC11) Chase-Lev deque oracle --
  [genmc] chase_lev.c                                  PASS (no loss/dup/race under RC11)
  [genmc] chase_lev.c -DBUG_NO_CAS (duplication)       PASS (correctly found the bug)
  [genmc] chase_lev.c -DBUG_NO_FENCE (fence redundant @1elt) PASS (CAS alone arbitrates; finding)
  [genmc] chase_lev2.c                                 PASS (no loss/dup/race under RC11)
  [genmc] chase_lev2.c -DBUG_NO_FENCE (duplication)    PASS (correctly found the bug)
  [genmc] chase_lev_resize.c                           PASS (no loss/dup/race under RC11)
  [genmc] chase_lev_resize.c -DBUG_RLX_ARR (data race on new buffer) PASS (correctly found the bug)
  [genmc] chase_lev_real.c (REAL cldeque.c, 2elt pop+2steal) PASS (production code clean under RC11)
  8 passed, 0 failed
  (Dartagnan not found -- skipping; see verify/dartagnan/README.md)
-- TLA+ (TLC: composed M:N scheduler, wake/park race) --
  [tlc] RunloomSched (correct)       PASS -- TypeOK/NoDoubleRun/DoneIsTerminal + AllComplete (liveness)
  [tlc] RunloomSched (Buggy=TRUE)    PASS -- correctly DETECTS lost wakeup -> AllComplete violated
  [tlc] RunloomHandoff (rescue)      PASS -- TypeOK/NoConcurrentDrain + AllDrained (stall-recovery liveness)
  [tlc] RunloomHandoff (no rescue)   PASS -- correctly DETECTS stranded work without the rescue M -> AllDrained violated
  [tlc] RunloomMNControl (correct)   PASS -- MutualExclusion/BatonConsistent/DeterministicGrant + AllRun (no deadlock)
  [tlc] RunloomMNControl (Preempt=FALSE) PASS -- correctly DETECTS the baton deadlock (CPU-bound hub starves all) without preemption
  [tlc] RunloomMNControl (Barrier=FALSE) PASS -- correctly DETECTS a grant over a partial requester set (nondeterminism) without the rendezvous
  [tlc] RunloomMNControl (timers+clock) PASS -- logical clock: DeterministicTick + MutualExclusion + AllRun hold with timer waits
  [tlc] RunloomMNControl (LogicalClock=F) PASS -- correctly DETECTS a later timer firing before an earlier deadline (nondeterminism) without the logical clock
  [tlc] RunloomCPythonSTW (correct)  PASS -- STWExclusive + RequesterAttached hold (STW reclaims with all others suspended)
  [tlc] RunloomCPythonSTW (Bypass=T) PASS -- correctly DETECTS the handoff re-attach (a hub ATTACHED while the world is stopped) -> STWExclusive violated
  [tlc] RunloomCPythonSTW (liveness) PASS -- STWCompletes: every requested stop-the-world eventually completes
  [tlc] RunloomCPythonSTW (BlockAttach) PASS -- correctly DETECTS the STW-monopoly hang (a hub blocks while attached) -> STWCompletes violated
  [tlc] RunloomGilstate (correct)    PASS -- GilstateContract + GilBindingConsistent hold (hub deletes its own tstate on its own thread)
  [tlc] RunloomGilstate (wrong thread) PASS -- correctly DETECTS the pystate.c:345 abort (deleting a hub tstate from the main thread) -> GilstateContract violated
  [tlc] RunloomTstateMigration (handshake) PASS -- NoCrossThreadPageOp + NoForeignOwnerWhileAttached hold (abandon/adopt keeps page owner == operating hub)
  [tlc] RunloomTstateMigration (no h/shake) PASS -- correctly DETECTS the mimalloc heap migrating hub->hub (a page owned by hub A operated on hub B) -> NoForeignOwnerWhileAttached violated
  [tlc] RunloomGRefcount (correct)   PASS -- Ledger + RcNonNeg + FreedConsistent hold (refcount tracks the wake_state)
  [tlc] RunloomGRefcount (lost decref) PASS -- correctly DETECTS a consumed global-runq entry that forgets runloom_g_decref -> the queue ref leaks (Ledger violated, g never freed)
  [tlc] RunloomMnFini (under lock)   PASS -- MutexOK + JoinCompletes hold (under-lock stop signal -> join always completes)
  [tlc] RunloomMnFini (no lock)      PASS -- correctly DETECTS the lost stop-signal (signal without idle_lock) -> hub waits forever -> JoinCompletes violated
  [tlc] RunloomComposite (correct)   PASS -- NoHang holds: every g completes across the channel + external (fd/timer/foreign) seams
  [tlc] RunloomComposite (Quiesce)   PASS -- correctly DETECTS the census-idle wake-guard hang (a hub idles past a wake) -> NoHang violated
  [tlc] RunloomComposite (Route)     PASS -- correctly DETECTS the wake-misrouting hang (external wake to the wrong hub) -> NoHang violated
  [tlc] RunloomMnRun (backstop)      PASS -- NoFalseDeadlock + SubsetOK + EventuallyRun hold (all-mode kick recovers the stranded g)
  [tlc] RunloomMnRun (idle-only kick) PASS -- correctly DETECTS the idle_cond-only kick missing a ring/pump-blocked hub -> EventuallyRun violated (permanent lost wakeup)
  [tlc] RunloomMnRun (deadlock witness) PASS -- census fires a real DEADLOCK verdict only under ~has_wakeable_work (NoFalseDeadlock non-vacuous)
  27 passed, 0 failed
-- trace conformance (model vs the REAL extension run) --
  [conform] gilstate (M4/C6)           PASS
  [conform] MNControl baton            PASS
  2 passed, 0 failed
-- Alloy (structural invariant of the netpoll parker graph) --
  [alloy] WellFormedImpliesOK      PASS -- runtime well-formedness implies the self_check invariant (valid)
  [alloy] BucketsAlwaysOnGlobal    PASS -- correctly DETECTS a dangling bucket entry (bucket not on global list)
  2 passed, 0 failed
-- Coq (machine-checked, UNBOUNDED protocol invariants) --
  [coq] Blockpool              PASS -- all theorems machine-checked
  [coq] ChanBuffer             PASS -- all theorems machine-checked
  [coq] Deque                  PASS -- all theorems machine-checked
  [coq] Select                 PASS -- all theorems machine-checked
  [coq] WakeState              PASS -- all theorems machine-checked
  5 passed, 0 failed
-- Iris (HeapLang concurrent separation logic) --
  [iris] OneShotWake            PASS -- all separation-logic specs machine-checked
  [iris] TreiberStack           PASS -- all separation-logic specs machine-checked
  [iris] WakeQueue              PASS -- all separation-logic specs machine-checked
  3 passed, 0 failed
-- iRC11 / RC11 weak memory (gpfsl) --
  (gpfsl not installed in switch 'runloom-weakmem' -- skipping; see WEAK_MEMORY.md)
----------------------------------------------------------
  127 passed, 0 failed, 2 skipped
  (2 engine(s)/phase(s) skipped -- tool absent; see lines above)
  logs under: /tmp/runloom_verify.BKp2sP
==========================================================

========== STW (M2) trace conformance -- real CPython stop-the-world vs the model ==========
== STW (M2) trace conformance: RunloomCPythonSTW.tla vs the real handshake ==
-- capture the real stop_the_world trace (instrumented pydebug interp) --
-- TLC: real trace (expect CONFORMS) --
     window: 248 events (19 STW cycles), 7 hubs (7 present at start, transients Create/Destroy'd)  [prefix 1528 fast-forwarded]
     CONFORMS -- the real stop-the-world handshake is a legal RunloomCPythonSTW execution; STWExclusive holds at every stopped state
   OK: the real stop-the-world handshake conforms to RunloomCPythonSTW
-- TLC: an in-window suspend dropped (expect NON-CONFORMING) --
   OK: a hub left un-suspended at stop is rejected -- STWExclusive enforced against the code
----------------------------------------------------------------
  PASS -- the STW model is validated against the actual host handshake

========== summary ==========
ALL GREEN
GATE_EXIT=0
